<?xml version="1.0" encoding="UTF-8"?>
<!-- Generated by org.testng.reporters.JUnitReportReporter -->
<testsuite skipped="0" hostname="Smita" name="practiceChromeTest.GmailTests" tests="1" failures="0" timestamp="02 Apr 2017 03:32:00 GMT" time="29.361" errors="0">
  <testcase name="VerifyLoginTest" time="29.361" classname="practiceChromeTest.GmailTests"/>
</testsuite> <!-- practiceChromeTest.GmailTests -->
